2021-03-06 11:01:29.381  INFO LAPTOP-1F5U69C0
         ---[nio-8080-exec-2] c.p.F.S.ListingService                   : In create Listingnull
2021-03-06 11:01:29.385  INFO LAPTOP-1F5U69C0
         ---[nio-8080-exec-2] c.p.F.S.ListingService                   : In create Listingcom.promineotech.FinalProject.Entity.Users@60a4cebd
2021-03-06 11:06:00.485  INFO LAPTOP-1F5U69C0
         ---[nio-8080-exec-4] c.p.F.S.ListingService                   : In create Listing[com.promineotech.FinalProject.Entity.ListingCategories@6dba0e9c]
2021-03-06 11:06:00.486  INFO LAPTOP-1F5U69C0
         ---[nio-8080-exec-4] c.p.F.S.ListingService                   : In create Listingcom.promineotech.FinalProject.Entity.Users@28b88d4f
2021-03-06 11:09:07.005  INFO LAPTOP-1F5U69C0
         ---[nio-8080-exec-2] c.p.F.S.ListingService                   : In create Listing[com.promineotech.FinalProject.Entity.ListingCategories@1c326238]
2021-03-06 11:09:07.010  INFO LAPTOP-1F5U69C0
         ---[nio-8080-exec-2] c.p.F.S.ListingService                   : In create Listingcom.promineotech.FinalProject.Entity.Users@703c86be
2021-03-06 11:13:02.612  INFO LAPTOP-1F5U69C0
         ---[nio-8080-exec-8] c.p.F.S.ListingService                   : In create Listing[com.promineotech.FinalProject.Entity.ListingCategories@66eeebdd]
2021-03-06 11:13:02.613  INFO LAPTOP-1F5U69C0
         ---[nio-8080-exec-8] c.p.F.S.ListingService                   : In create Listingcom.promineotech.FinalProject.Entity.Users@23ec6964
2021-03-06 11:18:59.897  INFO LAPTOP-1F5U69C0
         ---[io-8080-exec-10] c.p.F.S.ListingService                   : In create Listing[com.promineotech.FinalProject.Entity.ListingCategories@3ab81e67]
2021-03-06 11:18:59.898  INFO LAPTOP-1F5U69C0
         ---[io-8080-exec-10] c.p.F.S.ListingService                   : In create Listingcom.promineotech.FinalProject.Entity.Users@7fba8754
2021-03-06 11:38:59.841  INFO LAPTOP-1F5U69C0
         ---[nio-8080-exec-1] c.p.F.S.ListingService                   : In create Listing[com.promineotech.FinalProject.Entity.ListingCategories@23cc3bdb]
2021-03-06 11:38:59.845  INFO LAPTOP-1F5U69C0
         ---[nio-8080-exec-1] c.p.F.S.ListingService                   : In create Listingcom.promineotech.FinalProject.Entity.Users@439b1fba
2021-03-06 11:41:09.295  INFO LAPTOP-1F5U69C0
         ---[nio-8080-exec-4] c.p.F.S.ListingService                   : In create Listing[com.promineotech.FinalProject.Entity.ListingCategories@2155aabc]
2021-03-06 11:41:09.296  INFO LAPTOP-1F5U69C0
         ---[nio-8080-exec-4] c.p.F.S.ListingService                   : In create Listingcom.promineotech.FinalProject.Entity.Users@3cdbffd5
2021-03-06 11:41:47.150  INFO LAPTOP-1F5U69C0
         ---[nio-8080-exec-5] c.p.F.S.ListingService                   : In create Listing[com.promineotech.FinalProject.Entity.ListingCategories@39e16f06, com.promineotech.FinalProject.Entity.ListingCategories@7ce3eefe]
2021-03-06 11:41:47.152  INFO LAPTOP-1F5U69C0
         ---[nio-8080-exec-5] c.p.F.S.ListingService                   : In create Listingcom.promineotech.FinalProject.Entity.Users@6a91b2fa
2021-03-06 11:45:43.548  INFO LAPTOP-1F5U69C0
         ---[nio-8080-exec-1] c.p.F.S.ListingService                   : In create Listing[com.promineotech.FinalProject.Entity.ListingCategories@23778f82, com.promineotech.FinalProject.Entity.ListingCategories@1d50968a]
2021-03-06 11:45:43.553  INFO LAPTOP-1F5U69C0
         ---[nio-8080-exec-1] c.p.F.S.ListingService                   : In create Listingcom.promineotech.FinalProject.Entity.Users@e3215ce
2021-03-06 11:52:24.506  INFO LAPTOP-1F5U69C0
         ---[nio-8080-exec-1] c.p.F.S.ListingService                   : In create Listing[com.promineotech.FinalProject.Entity.ListingCategories@6da31bf0, com.promineotech.FinalProject.Entity.ListingCategories@5f9f6287]
2021-03-06 11:52:24.509  INFO LAPTOP-1F5U69C0
         ---[nio-8080-exec-1] c.p.F.S.ListingService                   : In create Listingcom.promineotech.FinalProject.Entity.Users@3a09e4ff
2021-03-06 11:58:09.649  INFO LAPTOP-1F5U69C0
         ---[nio-8080-exec-1] c.p.F.S.ListingService                   : In create Listing[com.promineotech.FinalProject.Entity.ListingCategories@558676e3, com.promineotech.FinalProject.Entity.ListingCategories@619b1bdd]
2021-03-06 11:58:09.655  INFO LAPTOP-1F5U69C0
         ---[nio-8080-exec-1] c.p.F.S.ListingService                   : In create Listingcom.promineotech.FinalProject.Entity.Users@2815fd9a
2021-03-06 12:02:01.347  INFO LAPTOP-1F5U69C0
         ---[nio-8080-exec-2] c.p.F.S.ListingService                   : database category: 1
2021-03-06 12:02:01.351  INFO LAPTOP-1F5U69C0
         ---[nio-8080-exec-2] c.p.F.S.ListingService                   : parameter category: null
2021-03-06 12:02:01.366  INFO LAPTOP-1F5U69C0
         ---[nio-8080-exec-2] c.p.F.S.ListingService                   : parameter category: null
2021-03-06 12:02:01.368  INFO LAPTOP-1F5U69C0
         ---[nio-8080-exec-2] c.p.F.S.ListingService                   : database category: 2
2021-03-06 12:02:01.369  INFO LAPTOP-1F5U69C0
         ---[nio-8080-exec-2] c.p.F.S.ListingService                   : parameter category: null
2021-03-06 12:02:01.370  INFO LAPTOP-1F5U69C0
         ---[nio-8080-exec-2] c.p.F.S.ListingService                   : parameter category: null
2021-03-06 12:02:01.372  INFO LAPTOP-1F5U69C0
         ---[nio-8080-exec-2] c.p.F.S.ListingService                   : database category: 3
2021-03-06 12:02:01.379  INFO LAPTOP-1F5U69C0
         ---[nio-8080-exec-2] c.p.F.S.ListingService                   : parameter category: null
2021-03-06 12:02:01.380  INFO LAPTOP-1F5U69C0
         ---[nio-8080-exec-2] c.p.F.S.ListingService                   : parameter category: null
2021-03-06 12:02:01.380  INFO LAPTOP-1F5U69C0
         ---[nio-8080-exec-2] c.p.F.S.ListingService                   : database category: 4
2021-03-06 12:02:01.381  INFO LAPTOP-1F5U69C0
         ---[nio-8080-exec-2] c.p.F.S.ListingService                   : parameter category: null
2021-03-06 12:02:01.381  INFO LAPTOP-1F5U69C0
         ---[nio-8080-exec-2] c.p.F.S.ListingService                   : parameter category: null
2021-03-06 12:02:01.382  INFO LAPTOP-1F5U69C0
         ---[nio-8080-exec-2] c.p.F.S.ListingService                   : database category: 5
2021-03-06 12:02:01.383  INFO LAPTOP-1F5U69C0
         ---[nio-8080-exec-2] c.p.F.S.ListingService                   : parameter category: null
2021-03-06 12:02:01.384  INFO LAPTOP-1F5U69C0
         ---[nio-8080-exec-2] c.p.F.S.ListingService                   : parameter category: null
2021-03-06 12:02:01.385  INFO LAPTOP-1F5U69C0
         ---[nio-8080-exec-2] c.p.F.S.ListingService                   : database category: 6
2021-03-06 12:02:01.385  INFO LAPTOP-1F5U69C0
         ---[nio-8080-exec-2] c.p.F.S.ListingService                   : parameter category: null
2021-03-06 12:02:01.386  INFO LAPTOP-1F5U69C0
         ---[nio-8080-exec-2] c.p.F.S.ListingService                   : parameter category: null
2021-03-06 12:02:01.390  INFO LAPTOP-1F5U69C0
         ---[nio-8080-exec-2] c.p.F.S.ListingService                   : In create Listing[com.promineotech.FinalProject.Entity.ListingCategories@60cb6cdf, com.promineotech.FinalProject.Entity.ListingCategories@299d1d8a]
2021-03-06 12:02:01.390  INFO LAPTOP-1F5U69C0
         ---[nio-8080-exec-2] c.p.F.S.ListingService                   : In create Listingcom.promineotech.FinalProject.Entity.Users@7fb5c5ff
2021-03-06 12:09:00.361  INFO LAPTOP-1F5U69C0
         ---[nio-8080-exec-4] c.p.F.S.ListingService                   : database category: 1
2021-03-06 12:09:00.389  INFO LAPTOP-1F5U69C0
         ---[nio-8080-exec-4] c.p.F.S.ListingService                   : parameter category: null
2021-03-06 12:09:00.372  INFO LAPTOP-1F5U69C0
         ---[nio-8080-exec-8] c.p.F.S.ListingService                   : database category: 1
2021-03-06 12:09:00.405  INFO LAPTOP-1F5U69C0
         ---[nio-8080-exec-8] c.p.F.S.ListingService                   : parameter category: null
2021-03-06 12:09:00.404  INFO LAPTOP-1F5U69C0
         ---[nio-8080-exec-6] c.p.F.S.ListingService                   : database category: 1
2021-03-06 12:09:00.394  INFO LAPTOP-1F5U69C0
         ---[nio-8080-exec-4] c.p.F.S.ListingService                   : parameter category: null
2021-03-06 12:09:00.454  INFO LAPTOP-1F5U69C0
         ---[nio-8080-exec-6] c.p.F.S.ListingService                   : parameter category: null
2021-03-06 12:09:00.458  INFO LAPTOP-1F5U69C0
         ---[nio-8080-exec-4] c.p.F.S.ListingService                   : database category: 2
2021-03-06 12:09:00.422  INFO LAPTOP-1F5U69C0
         ---[nio-8080-exec-8] c.p.F.S.ListingService                   : database category: 2
2021-03-06 12:09:00.480  INFO LAPTOP-1F5U69C0
         ---[nio-8080-exec-8] c.p.F.S.ListingService                   : parameter category: null
2021-03-06 12:09:00.473  INFO LAPTOP-1F5U69C0
         ---[nio-8080-exec-6] c.p.F.S.ListingService                   : parameter category: null
2021-03-06 12:09:00.506  INFO LAPTOP-1F5U69C0
         ---[nio-8080-exec-8] c.p.F.S.ListingService                   : database category: 3
2021-03-06 12:09:00.524  INFO LAPTOP-1F5U69C0
         ---[nio-8080-exec-6] c.p.F.S.ListingService                   : database category: 2
2021-03-06 12:09:00.479  INFO LAPTOP-1F5U69C0
         ---[nio-8080-exec-4] c.p.F.S.ListingService                   : parameter category: null
2021-03-06 12:09:00.524  INFO LAPTOP-1F5U69C0
         ---[nio-8080-exec-8] c.p.F.S.ListingService                   : parameter category: null
2021-03-06 12:09:00.555  INFO LAPTOP-1F5U69C0
         ---[nio-8080-exec-6] c.p.F.S.ListingService                   : parameter category: null
2021-03-06 12:09:00.555  INFO LAPTOP-1F5U69C0
         ---[nio-8080-exec-4] c.p.F.S.ListingService                   : parameter category: null
2021-03-06 12:09:00.590  INFO LAPTOP-1F5U69C0
         ---[nio-8080-exec-6] c.p.F.S.ListingService                   : parameter category: null
2021-03-06 12:09:00.569  INFO LAPTOP-1F5U69C0
         ---[nio-8080-exec-8] c.p.F.S.ListingService                   : database category: 4
2021-03-06 12:09:00.632  INFO LAPTOP-1F5U69C0
         ---[nio-8080-exec-6] c.p.F.S.ListingService                   : database category: 3
2021-03-06 12:09:00.622  INFO LAPTOP-1F5U69C0
         ---[nio-8080-exec-4] c.p.F.S.ListingService                   : database category: 3
2021-03-06 12:09:00.650  INFO LAPTOP-1F5U69C0
         ---[nio-8080-exec-6] c.p.F.S.ListingService                   : parameter category: null
2021-03-06 12:09:00.642  INFO LAPTOP-1F5U69C0
         ---[nio-8080-exec-8] c.p.F.S.ListingService                   : parameter category: null
2021-03-06 12:09:00.688  INFO LAPTOP-1F5U69C0
         ---[nio-8080-exec-6] c.p.F.S.ListingService                   : parameter category: null
2021-03-06 12:09:00.688  INFO LAPTOP-1F5U69C0
         ---[nio-8080-exec-4] c.p.F.S.ListingService                   : parameter category: null
2021-03-06 12:09:00.748  INFO LAPTOP-1F5U69C0
         ---[nio-8080-exec-6] c.p.F.S.ListingService                   : database category: 4
2021-03-06 12:09:00.735  INFO LAPTOP-1F5U69C0
         ---[nio-8080-exec-8] c.p.F.S.ListingService                   : database category: 5
2021-03-06 12:09:00.783  INFO LAPTOP-1F5U69C0
         ---[nio-8080-exec-6] c.p.F.S.ListingService                   : parameter category: null
2021-03-06 12:09:00.762  INFO LAPTOP-1F5U69C0
         ---[nio-8080-exec-4] c.p.F.S.ListingService                   : parameter category: null
2021-03-06 12:09:00.791  INFO LAPTOP-1F5U69C0
         ---[nio-8080-exec-6] c.p.F.S.ListingService                   : parameter category: null
2021-03-06 12:09:00.790  INFO LAPTOP-1F5U69C0
         ---[nio-8080-exec-8] c.p.F.S.ListingService                   : parameter category: null
2021-03-06 12:09:00.817  INFO LAPTOP-1F5U69C0
         ---[nio-8080-exec-4] c.p.F.S.ListingService                   : database category: 4
2021-03-06 12:09:00.818  INFO LAPTOP-1F5U69C0
         ---[nio-8080-exec-6] c.p.F.S.ListingService                   : database category: 5
2021-03-06 12:09:00.867  INFO LAPTOP-1F5U69C0
         ---[nio-8080-exec-4] c.p.F.S.ListingService                   : parameter category: null
2021-03-06 12:09:00.906  INFO LAPTOP-1F5U69C0
         ---[nio-8080-exec-4] c.p.F.S.ListingService                   : parameter category: null
2021-03-06 12:09:00.825  INFO LAPTOP-1F5U69C0
         ---[nio-8080-exec-8] c.p.F.S.ListingService                   : database category: 6
2021-03-06 12:09:00.868  INFO LAPTOP-1F5U69C0
         ---[nio-8080-exec-6] c.p.F.S.ListingService                   : parameter category: null
2021-03-06 12:09:00.922  INFO LAPTOP-1F5U69C0
         ---[nio-8080-exec-4] c.p.F.S.ListingService                   : database category: 5
2021-03-06 12:09:00.960  INFO LAPTOP-1F5U69C0
         ---[nio-8080-exec-6] c.p.F.S.ListingService                   : parameter category: null
2021-03-06 12:09:00.961  INFO LAPTOP-1F5U69C0
         ---[nio-8080-exec-4] c.p.F.S.ListingService                   : parameter category: null
2021-03-06 12:09:00.971  INFO LAPTOP-1F5U69C0
         ---[nio-8080-exec-4] c.p.F.S.ListingService                   : parameter category: null
2021-03-06 12:09:00.970  INFO LAPTOP-1F5U69C0
         ---[nio-8080-exec-6] c.p.F.S.ListingService                   : database category: 6
2021-03-06 12:09:00.960  INFO LAPTOP-1F5U69C0
         ---[nio-8080-exec-8] c.p.F.S.ListingService                   : parameter category: null
2021-03-06 12:09:01.030  INFO LAPTOP-1F5U69C0
         ---[nio-8080-exec-6] c.p.F.S.ListingService                   : parameter category: null
2021-03-06 12:09:01.015  INFO LAPTOP-1F5U69C0
         ---[nio-8080-exec-4] c.p.F.S.ListingService                   : database category: 6
2021-03-06 12:09:01.053  INFO LAPTOP-1F5U69C0
         ---[nio-8080-exec-8] c.p.F.S.ListingService                   : In create Listing[com.promineotech.FinalProject.Entity.ListingCategories@f319eac]
2021-03-06 12:09:01.054  INFO LAPTOP-1F5U69C0
         ---[nio-8080-exec-6] c.p.F.S.ListingService                   : parameter category: null
2021-03-06 12:09:01.070  INFO LAPTOP-1F5U69C0
         ---[nio-8080-exec-8] c.p.F.S.ListingService                   : In create Listingcom.promineotech.FinalProject.Entity.Users@4ca3c7ed
2021-03-06 12:09:01.070  INFO LAPTOP-1F5U69C0
         ---[nio-8080-exec-4] c.p.F.S.ListingService                   : parameter category: null
2021-03-06 12:09:01.087  INFO LAPTOP-1F5U69C0
         ---[nio-8080-exec-6] c.p.F.S.ListingService                   : In create Listing[com.promineotech.FinalProject.Entity.ListingCategories@355edaae, com.promineotech.FinalProject.Entity.ListingCategories@705c5ac1]
2021-03-06 12:09:01.132  INFO LAPTOP-1F5U69C0
         ---[nio-8080-exec-4] c.p.F.S.ListingService                   : parameter category: null
2021-03-06 12:09:01.136  INFO LAPTOP-1F5U69C0
         ---[nio-8080-exec-6] c.p.F.S.ListingService                   : In create Listingcom.promineotech.FinalProject.Entity.Users@44ba1462
2021-03-06 12:09:01.142  INFO LAPTOP-1F5U69C0
         ---[nio-8080-exec-4] c.p.F.S.ListingService                   : In create Listing[com.promineotech.FinalProject.Entity.ListingCategories@1350f0e5, com.promineotech.FinalProject.Entity.ListingCategories@176f6657]
2021-03-06 12:09:01.183  INFO LAPTOP-1F5U69C0
         ---[nio-8080-exec-4] c.p.F.S.ListingService                   : In create Listingcom.promineotech.FinalProject.Entity.Users@42f593d4
2021-03-06 12:09:37.022  INFO LAPTOP-1F5U69C0
         ---[io-8080-exec-10] c.p.F.S.ListingService                   : database category: 1
2021-03-06 12:09:37.022  INFO LAPTOP-1F5U69C0
         ---[io-8080-exec-10] c.p.F.S.ListingService                   : parameter category: null
2021-03-06 12:09:37.022  INFO LAPTOP-1F5U69C0
         ---[io-8080-exec-10] c.p.F.S.ListingService                   : database category: 2
2021-03-06 12:09:37.023  INFO LAPTOP-1F5U69C0
         ---[io-8080-exec-10] c.p.F.S.ListingService                   : parameter category: null
2021-03-06 12:09:37.023  INFO LAPTOP-1F5U69C0
         ---[io-8080-exec-10] c.p.F.S.ListingService                   : database category: 3
2021-03-06 12:09:37.023  INFO LAPTOP-1F5U69C0
         ---[io-8080-exec-10] c.p.F.S.ListingService                   : parameter category: null
2021-03-06 12:09:37.024  INFO LAPTOP-1F5U69C0
         ---[io-8080-exec-10] c.p.F.S.ListingService                   : database category: 4
2021-03-06 12:09:37.024  INFO LAPTOP-1F5U69C0
         ---[io-8080-exec-10] c.p.F.S.ListingService                   : parameter category: null
2021-03-06 12:09:37.024  INFO LAPTOP-1F5U69C0
         ---[io-8080-exec-10] c.p.F.S.ListingService                   : database category: 5
2021-03-06 12:09:37.025  INFO LAPTOP-1F5U69C0
         ---[io-8080-exec-10] c.p.F.S.ListingService                   : parameter category: null
2021-03-06 12:09:37.025  INFO LAPTOP-1F5U69C0
         ---[io-8080-exec-10] c.p.F.S.ListingService                   : database category: 6
2021-03-06 12:09:37.025  INFO LAPTOP-1F5U69C0
         ---[io-8080-exec-10] c.p.F.S.ListingService                   : parameter category: null
2021-03-06 12:09:37.026  INFO LAPTOP-1F5U69C0
         ---[io-8080-exec-10] c.p.F.S.ListingService                   : In create Listing[com.promineotech.FinalProject.Entity.ListingCategories@ceaacbd]
2021-03-06 12:09:37.026  INFO LAPTOP-1F5U69C0
         ---[io-8080-exec-10] c.p.F.S.ListingService                   : In create Listingcom.promineotech.FinalProject.Entity.Users@3ed297f
2021-03-06 12:19:40.902  INFO LAPTOP-1F5U69C0
         ---[nio-8080-exec-9] c.p.F.S.ListingService                   : database category: 1
2021-03-06 12:19:40.908  INFO LAPTOP-1F5U69C0
         ---[nio-8080-exec-9] c.p.F.S.ListingService                   : parameter category: 1
2021-03-06 12:19:40.913  INFO LAPTOP-1F5U69C0
         ---[nio-8080-exec-9] c.p.F.S.ListingService                   : listcat Id: 1
2021-03-06 12:19:40.913  INFO LAPTOP-1F5U69C0
         ---[nio-8080-exec-9] c.p.F.S.ListingService                   : database category: 2
2021-03-06 12:19:40.914  INFO LAPTOP-1F5U69C0
         ---[nio-8080-exec-9] c.p.F.S.ListingService                   : parameter category: 1
2021-03-06 12:19:40.915  INFO LAPTOP-1F5U69C0
         ---[nio-8080-exec-9] c.p.F.S.ListingService                   : database category: 3
2021-03-06 12:19:40.916  INFO LAPTOP-1F5U69C0
         ---[nio-8080-exec-9] c.p.F.S.ListingService                   : parameter category: 1
2021-03-06 12:19:40.918  INFO LAPTOP-1F5U69C0
         ---[nio-8080-exec-9] c.p.F.S.ListingService                   : database category: 4
2021-03-06 12:19:40.921  INFO LAPTOP-1F5U69C0
         ---[nio-8080-exec-9] c.p.F.S.ListingService                   : parameter category: 1
2021-03-06 12:19:40.922  INFO LAPTOP-1F5U69C0
         ---[nio-8080-exec-9] c.p.F.S.ListingService                   : database category: 5
2021-03-06 12:19:40.922  INFO LAPTOP-1F5U69C0
         ---[nio-8080-exec-9] c.p.F.S.ListingService                   : parameter category: 1
2021-03-06 12:19:40.923  INFO LAPTOP-1F5U69C0
         ---[nio-8080-exec-9] c.p.F.S.ListingService                   : database category: 6
2021-03-06 12:19:40.923  INFO LAPTOP-1F5U69C0
         ---[nio-8080-exec-9] c.p.F.S.ListingService                   : parameter category: 1
2021-03-06 12:19:40.924  INFO LAPTOP-1F5U69C0
         ---[nio-8080-exec-9] c.p.F.S.ListingService                   : In create Listing[com.promineotech.FinalProject.Entity.ListingCategories@1964b38e]
2021-03-06 12:19:40.925  INFO LAPTOP-1F5U69C0
         ---[nio-8080-exec-9] c.p.F.S.ListingService                   : In create Listingcom.promineotech.FinalProject.Entity.Users@6ea7ba27
2021-03-06 12:26:48.556  INFO LAPTOP-1F5U69C0
         ---[nio-8080-exec-3] c.p.F.S.ListingService                   : database category: 1
2021-03-06 12:26:48.570  INFO LAPTOP-1F5U69C0
         ---[nio-8080-exec-3] c.p.F.S.ListingService                   : parameter category: 1
2021-03-06 12:26:48.578  INFO LAPTOP-1F5U69C0
         ---[nio-8080-exec-3] c.p.F.S.ListingService                   : listcat Id: 1
2021-03-06 12:26:48.586  INFO LAPTOP-1F5U69C0
         ---[nio-8080-exec-3] c.p.F.S.ListingService                   : database category: 2
2021-03-06 12:26:48.594  INFO LAPTOP-1F5U69C0
         ---[nio-8080-exec-3] c.p.F.S.ListingService                   : parameter category: 1
2021-03-06 12:26:48.606  INFO LAPTOP-1F5U69C0
         ---[nio-8080-exec-3] c.p.F.S.ListingService                   : database category: 3
2021-03-06 12:26:48.612  INFO LAPTOP-1F5U69C0
         ---[nio-8080-exec-3] c.p.F.S.ListingService                   : parameter category: 1
2021-03-06 12:26:48.622  INFO LAPTOP-1F5U69C0
         ---[nio-8080-exec-3] c.p.F.S.ListingService                   : database category: 4
2021-03-06 12:26:48.624  INFO LAPTOP-1F5U69C0
         ---[nio-8080-exec-3] c.p.F.S.ListingService                   : parameter category: 1
2021-03-06 12:26:48.635  INFO LAPTOP-1F5U69C0
         ---[nio-8080-exec-3] c.p.F.S.ListingService                   : database category: 5
2021-03-06 12:26:48.652  INFO LAPTOP-1F5U69C0
         ---[nio-8080-exec-3] c.p.F.S.ListingService                   : parameter category: 1
2021-03-06 12:26:48.654  INFO LAPTOP-1F5U69C0
         ---[nio-8080-exec-3] c.p.F.S.ListingService                   : database category: 6
2021-03-06 12:26:48.656  INFO LAPTOP-1F5U69C0
         ---[nio-8080-exec-3] c.p.F.S.ListingService                   : parameter category: 1
2021-03-06 12:26:48.662  INFO LAPTOP-1F5U69C0
         ---[nio-8080-exec-3] c.p.F.S.ListingService                   : In create Listing[com.promineotech.FinalProject.Entity.ListingCategories@48874e40]
2021-03-06 12:26:48.672  INFO LAPTOP-1F5U69C0
         ---[nio-8080-exec-3] c.p.F.S.ListingService                   : In create Listingcom.promineotech.FinalProject.Entity.Users@6398feea
2021-03-06 12:32:36.363  INFO LAPTOP-1F5U69C0
         ---[nio-8080-exec-1] c.p.F.S.ListingService                   : database category: 1
2021-03-06 12:32:36.367  INFO LAPTOP-1F5U69C0
         ---[nio-8080-exec-1] c.p.F.S.ListingService                   : parameter category: 1
2021-03-06 12:32:36.374  INFO LAPTOP-1F5U69C0
         ---[nio-8080-exec-1] c.p.F.S.ListingService                   : listcat Id: 1
2021-03-06 12:32:36.377  INFO LAPTOP-1F5U69C0
         ---[nio-8080-exec-1] c.p.F.S.ListingService                   : database category: 2
2021-03-06 12:32:36.385  INFO LAPTOP-1F5U69C0
         ---[nio-8080-exec-1] c.p.F.S.ListingService                   : parameter category: 1
2021-03-06 12:32:36.385  INFO LAPTOP-1F5U69C0
         ---[nio-8080-exec-1] c.p.F.S.ListingService                   : database category: 3
2021-03-06 12:32:36.405  INFO LAPTOP-1F5U69C0
         ---[nio-8080-exec-1] c.p.F.S.ListingService                   : parameter category: 1
2021-03-06 12:32:36.409  INFO LAPTOP-1F5U69C0
         ---[nio-8080-exec-1] c.p.F.S.ListingService                   : database category: 4
2021-03-06 12:32:36.411  INFO LAPTOP-1F5U69C0
         ---[nio-8080-exec-1] c.p.F.S.ListingService                   : parameter category: 1
2021-03-06 12:32:36.412  INFO LAPTOP-1F5U69C0
         ---[nio-8080-exec-1] c.p.F.S.ListingService                   : database category: 5
2021-03-06 12:32:36.421  INFO LAPTOP-1F5U69C0
         ---[nio-8080-exec-1] c.p.F.S.ListingService                   : parameter category: 1
2021-03-06 12:32:36.422  INFO LAPTOP-1F5U69C0
         ---[nio-8080-exec-1] c.p.F.S.ListingService                   : database category: 6
2021-03-06 12:32:36.423  INFO LAPTOP-1F5U69C0
         ---[nio-8080-exec-1] c.p.F.S.ListingService                   : parameter category: 1
2021-03-06 12:32:36.434  INFO LAPTOP-1F5U69C0
         ---[nio-8080-exec-1] c.p.F.S.ListingService                   : In create Listing[com.promineotech.FinalProject.Entity.ListingCategories@576e433e]
2021-03-06 12:32:36.445  INFO LAPTOP-1F5U69C0
         ---[nio-8080-exec-1] c.p.F.S.ListingService                   : In create Listingcom.promineotech.FinalProject.Entity.Users@557b8f79
2021-03-06 12:36:12.462  INFO LAPTOP-1F5U69C0
         ---[nio-8080-exec-1] c.p.F.S.ListingService                   : database category: 1
2021-03-06 12:36:12.475  INFO LAPTOP-1F5U69C0
         ---[nio-8080-exec-1] c.p.F.S.ListingService                   : parameter category: 1
2021-03-06 12:36:12.479  INFO LAPTOP-1F5U69C0
         ---[nio-8080-exec-1] c.p.F.S.ListingService                   : listcat Id: 1
2021-03-06 12:36:12.492  INFO LAPTOP-1F5U69C0
         ---[nio-8080-exec-1] c.p.F.S.ListingService                   : database category: 2
2021-03-06 12:36:12.505  INFO LAPTOP-1F5U69C0
         ---[nio-8080-exec-1] c.p.F.S.ListingService                   : parameter category: 1
2021-03-06 12:36:12.513  INFO LAPTOP-1F5U69C0
         ---[nio-8080-exec-1] c.p.F.S.ListingService                   : database category: 3
2021-03-06 12:36:12.527  INFO LAPTOP-1F5U69C0
         ---[nio-8080-exec-1] c.p.F.S.ListingService                   : parameter category: 1
2021-03-06 12:36:12.544  INFO LAPTOP-1F5U69C0
         ---[nio-8080-exec-1] c.p.F.S.ListingService                   : database category: 4
2021-03-06 12:36:12.545  INFO LAPTOP-1F5U69C0
         ---[nio-8080-exec-1] c.p.F.S.ListingService                   : parameter category: 1
2021-03-06 12:36:12.547  INFO LAPTOP-1F5U69C0
         ---[nio-8080-exec-1] c.p.F.S.ListingService                   : database category: 5
2021-03-06 12:36:12.548  INFO LAPTOP-1F5U69C0
         ---[nio-8080-exec-1] c.p.F.S.ListingService                   : parameter category: 1
2021-03-06 12:36:12.575  INFO LAPTOP-1F5U69C0
         ---[nio-8080-exec-1] c.p.F.S.ListingService                   : database category: 6
2021-03-06 12:36:12.583  INFO LAPTOP-1F5U69C0
         ---[nio-8080-exec-1] c.p.F.S.ListingService                   : parameter category: 1
2021-03-06 12:36:12.587  INFO LAPTOP-1F5U69C0
         ---[nio-8080-exec-1] c.p.F.S.ListingService                   : In create Listing[com.promineotech.FinalProject.Entity.ListingCategories@64e09003]
2021-03-06 12:36:12.606  INFO LAPTOP-1F5U69C0
         ---[nio-8080-exec-1] c.p.F.S.ListingService                   : In create Listingcom.promineotech.FinalProject.Entity.Users@79898724
2021-03-06 16:28:41.352  INFO LAPTOP-1F5U69C0
         ---[io-8080-exec-10] c.p.F.S.ListingService                   : database category: 1
2021-03-06 16:28:41.354  INFO LAPTOP-1F5U69C0
         ---[io-8080-exec-10] c.p.F.S.ListingService                   : parameter category: 1
2021-03-06 16:28:41.354  INFO LAPTOP-1F5U69C0
         ---[io-8080-exec-10] c.p.F.S.ListingService                   : listcat Id: 1
2021-03-06 16:28:41.354  INFO LAPTOP-1F5U69C0
         ---[io-8080-exec-10] c.p.F.S.ListingService                   : database category: 2
2021-03-06 16:28:41.354  INFO LAPTOP-1F5U69C0
         ---[io-8080-exec-10] c.p.F.S.ListingService                   : parameter category: 1
2021-03-06 16:28:41.354  INFO LAPTOP-1F5U69C0
         ---[io-8080-exec-10] c.p.F.S.ListingService                   : database category: 3
2021-03-06 16:28:41.355  INFO LAPTOP-1F5U69C0
         ---[io-8080-exec-10] c.p.F.S.ListingService                   : parameter category: 1
2021-03-06 16:28:41.355  INFO LAPTOP-1F5U69C0
         ---[io-8080-exec-10] c.p.F.S.ListingService                   : database category: 4
2021-03-06 16:28:41.355  INFO LAPTOP-1F5U69C0
         ---[io-8080-exec-10] c.p.F.S.ListingService                   : parameter category: 1
2021-03-06 16:28:41.355  INFO LAPTOP-1F5U69C0
         ---[io-8080-exec-10] c.p.F.S.ListingService                   : database category: 5
2021-03-06 16:28:41.355  INFO LAPTOP-1F5U69C0
         ---[io-8080-exec-10] c.p.F.S.ListingService                   : parameter category: 1
2021-03-06 16:28:41.356  INFO LAPTOP-1F5U69C0
         ---[io-8080-exec-10] c.p.F.S.ListingService                   : database category: 6
2021-03-06 16:28:41.356  INFO LAPTOP-1F5U69C0
         ---[io-8080-exec-10] c.p.F.S.ListingService                   : parameter category: 1
2021-03-06 16:28:41.356  INFO LAPTOP-1F5U69C0
         ---[io-8080-exec-10] c.p.F.S.ListingService                   : In create Listing[com.promineotech.FinalProject.Entity.ListingCategories@53230d7b]
2021-03-06 16:28:41.356  INFO LAPTOP-1F5U69C0
         ---[io-8080-exec-10] c.p.F.S.ListingService                   : In create Listingcom.promineotech.FinalProject.Entity.Users@79f7fe
